<?xml version="1.0" encoding="UTF-8"?>
<!-- Generated by org.testng.reporters.JUnitXMLReporter -->
<testsuite ignored="0" hostname="Jeswika_20929" failures="0" tests="3" name="ChromeTest" time="69.053" errors="0" timestamp="2024-12-13T13:23:45 IST">
  <testcase classname="learningBatchExecution.AddProduct" name="addProduct" time="4.454"/>
  <testcase classname="learningBatchExecution.AddProduct1" name="addProduct" time="2.325"/>
  <testcase classname="learningBatchExecution.AddProduct1" name="removeProduct" time="2.18"/>
</testsuite> <!-- ChromeTest -->
