<?xml version="1.0" encoding="UTF-8"?>
<!-- Generated by org.testng.reporters.JUnitXMLReporter -->
<testsuite ignored="0" hostname="Jeswika_20929" failures="1" tests="1" name="Test" time="2.34" errors="0" timestamp="2024-12-26T14:05:06 IST">
  <testcase classname="learningListener.TestScript" name="m1" time="0.013">
    <failure type="java.lang.AssertionError" message="null">
      <![CDATA[java.lang.AssertionError: null
at learningListener.TestScript.m1(TestScript.java:13)
at java.base/java.util.ArrayList.forEach(ArrayList.java:1597)
... Removed 27 stack frames]]>
    </failure>
  </testcase> <!-- m1 -->
</testsuite> <!-- Test -->
