<?xml version="1.0" encoding="UTF-8"?>
<!-- Generated by org.testng.reporters.JUnitXMLReporter -->
<testsuite ignored="0" hostname="Jeswika_20929" failures="0" tests="3" name="Test2" time="27.746" errors="0" timestamp="2024-12-12T14:20:32 IST">
  <testcase classname="learningBatchExecution.AddProduct" name="addProduct" time="4.346"/>
  <testcase classname="learningBatchExecution.AddProduct1" name="addProduct" time="2.273"/>
  <testcase classname="learningBatchExecution.AddProduct1" name="removeProduct" time="2.245"/>
</testsuite> <!-- Test2 -->
