<?xml version="1.0" encoding="UTF-8"?>
<!-- Generated by org.testng.reporters.JUnitXMLReporter -->
<testsuite ignored="0" hostname="Jeswika_20929" failures="0" tests="3" name="Test" time="27.077" errors="0" timestamp="2024-12-12T14:20:31 IST">
  <testcase classname="learningBatchExecution.AddProduct" name="addProduct" time="4.382"/>
  <testcase classname="learningBatchExecution.AddProduct1" name="addProduct" time="2.318"/>
  <testcase classname="learningBatchExecution.AddProduct1" name="removeProduct" time="2.196"/>
</testsuite> <!-- Test -->
