<?xml version="1.0" encoding="UTF-8"?>
<!-- Generated by org.testng.reporters.JUnitXMLReporter -->
<testsuite ignored="0" hostname="Jeswika_20929" failures="0" tests="3" name="Test1" time="27.685" errors="0" timestamp="2024-12-12T14:20:32 IST">
  <testcase classname="learningBatchExecution.AddProduct" name="addProduct" time="4.354"/>
  <testcase classname="learningBatchExecution.AddProduct1" name="addProduct" time="2.245"/>
  <testcase classname="learningBatchExecution.AddProduct1" name="removeProduct" time="2.3"/>
</testsuite> <!-- Test1 -->
