<?xml version="1.0" encoding="UTF-8"?>
<!-- Generated by org.testng.reporters.JUnitXMLReporter -->
<testsuite ignored="0" hostname="Jeswika_20929" failures="0" tests="3" name="Test" time="37.758" errors="0" timestamp="2024-12-12T14:21:26 IST">
  <testcase classname="learningBatchExecution.RemoveProduct" name="addProduct" time="2.365"/>
  <testcase classname="learningBatchExecution.RemoveProduct" name="removeProduct" time="2.308"/>
  <testcase classname="learningBatchExecution.AddProduct" name="addProduct" time="4.437"/>
</testsuite> <!-- Test -->
