<?xml version="1.0" encoding="UTF-8"?>
<!-- Generated by org.testng.reporters.JUnitXMLReporter -->
<testsuite ignored="16" hostname="Jeswika_20929" failures="0" tests="5" name="Test1" time="75.154" errors="0" timestamp="2025-01-10T13:06:28 IST">
  <testcase classname="org.QAfoxProject.Components.Components_WebCameras_Test" name="webCamera" time="5.836"/>
  <testcase classname="org.QAfoxProject.Components.Components_Monitors_Test" name="monitors" time="6.068"/>
  <testcase classname="org.QAfoxProject.Components.Components_MiceandTrackballs_Test" name="componentMiceandTrackballs" time="5.813"/>
  <testcase classname="org.QAfoxProject.Components.Components_Scanners_Test" name="scanners" time="5.918"/>
  <testcase classname="org.QAfoxProject.Components.Components_Printers_Test" name="printers" time="5.584"/>
  <testcase classname="org.QAfoxProject.GenericUtility.BaseConfiguration" name="@AfterTest terminateTestRunnerConnection" time="0.0">
    <ignored/>
  </testcase> <!-- @AfterTest terminateTestRunnerConnection -->
  <testcase classname="org.QAfoxProject.GenericUtility.BaseConfiguration" name="@AfterTest terminateTestRunnerConnection" time="0.0">
    <ignored/>
  </testcase> <!-- @AfterTest terminateTestRunnerConnection -->
  <testcase classname="org.QAfoxProject.GenericUtility.BaseConfiguration" name="@AfterSuite terminateReportConnection" time="0.0">
    <ignored/>
  </testcase> <!-- @AfterSuite terminateReportConnection -->
  <testcase classname="org.QAfoxProject.GenericUtility.BaseConfiguration" name="@BeforeTest getTestRunnerConnection" time="0.0">
    <ignored/>
  </testcase> <!-- @BeforeTest getTestRunnerConnection -->
  <testcase classname="org.QAfoxProject.GenericUtility.BaseConfiguration" name="@AfterSuite terminateReportConnection" time="0.0">
    <ignored/>
  </testcase> <!-- @AfterSuite terminateReportConnection -->
  <testcase classname="org.QAfoxProject.GenericUtility.BaseConfiguration" name="@BeforeSuite getReportConnection" time="0.0">
    <ignored/>
  </testcase> <!-- @BeforeSuite getReportConnection -->
  <testcase classname="org.QAfoxProject.GenericUtility.BaseConfiguration" name="@BeforeTest getTestRunnerConnection" time="0.0">
    <ignored/>
  </testcase> <!-- @BeforeTest getTestRunnerConnection -->
  <testcase classname="org.QAfoxProject.GenericUtility.BaseConfiguration" name="@BeforeTest getTestRunnerConnection" time="0.0">
    <ignored/>
  </testcase> <!-- @BeforeTest getTestRunnerConnection -->
  <testcase classname="org.QAfoxProject.GenericUtility.BaseConfiguration" name="@AfterSuite terminateReportConnection" time="0.0">
    <ignored/>
  </testcase> <!-- @AfterSuite terminateReportConnection -->
  <testcase classname="org.QAfoxProject.GenericUtility.BaseConfiguration" name="@BeforeSuite getReportConnection" time="0.0">
    <ignored/>
  </testcase> <!-- @BeforeSuite getReportConnection -->
  <testcase classname="org.QAfoxProject.GenericUtility.BaseConfiguration" name="@BeforeSuite getReportConnection" time="0.0">
    <ignored/>
  </testcase> <!-- @BeforeSuite getReportConnection -->
  <testcase classname="org.QAfoxProject.GenericUtility.BaseConfiguration" name="@AfterSuite terminateReportConnection" time="0.0">
    <ignored/>
  </testcase> <!-- @AfterSuite terminateReportConnection -->
  <testcase classname="org.QAfoxProject.GenericUtility.BaseConfiguration" name="@AfterTest terminateTestRunnerConnection" time="0.0">
    <ignored/>
  </testcase> <!-- @AfterTest terminateTestRunnerConnection -->
  <testcase classname="org.QAfoxProject.GenericUtility.BaseConfiguration" name="@BeforeSuite getReportConnection" time="0.0">
    <ignored/>
  </testcase> <!-- @BeforeSuite getReportConnection -->
  <testcase classname="org.QAfoxProject.GenericUtility.BaseConfiguration" name="@AfterTest terminateTestRunnerConnection" time="0.0">
    <ignored/>
  </testcase> <!-- @AfterTest terminateTestRunnerConnection -->
  <testcase classname="org.QAfoxProject.GenericUtility.BaseConfiguration" name="@BeforeTest getTestRunnerConnection" time="0.0">
    <ignored/>
  </testcase> <!-- @BeforeTest getTestRunnerConnection -->
</testsuite> <!-- Test1 -->
